<?xml version="1.0" encoding="UTF-8"?>
<!-- Generated by org.testng.reporters.JUnitReportReporter -->
<testsuite hostname="HYDHTC135682L" name="report.TestReport" tests="1" failures="0" timestamp="15 Jan 2018 07:06:54 GMT" time="0.079" errors="0">
  <testcase name="testReport" time="0.079" classname="report.TestReport"/>
</testsuite> <!-- report.TestReport -->
