<?xml version="1.0" encoding="UTF-8"?>
<!-- Generated by org.testng.reporters.JUnitReportReporter -->
<testsuite hostname="HYDHTC135682L" name="report.TestReport" tests="1" failures="0" timestamp="12 Jan 2018 11:29:22 GMT" time="0.067" errors="0">
  <testcase name="testReport" time="0.067" classname="report.TestReport"/>
</testsuite> <!-- report.TestReport -->
