<?xml version="1.0" encoding="UTF-8"?>
<!-- Generated by org.testng.reporters.JUnitReportReporter -->
<testsuite hostname="HYDHTC135682L" name="test.westPacApplication" tests="1" failures="0" timestamp="16 Jan 2018 17:55:59 GMT" time="62.681" errors="0">
  <testcase name="ValidatingConversionCurrency" time="62.681" classname="test.westPacApplication"/>
</testsuite> <!-- test.westPacApplication -->
