<?xml version="1.0" encoding="UTF-8"?>
<!-- Generated by org.testng.reporters.JUnitReportReporter -->
<testsuite hostname="HYDHTC135682L" name="test.westPacApplication" tests="1" failures="0" timestamp="14 Jan 2018 21:53:41 GMT" time="63.821" errors="0">
  <testcase name="ValidatingConversionCurrency" time="63.821" classname="test.westPacApplication"/>
</testsuite> <!-- test.westPacApplication -->
