<?xml version="1.0" encoding="UTF-8"?>
<!-- Generated by org.testng.reporters.JUnitReportReporter -->
<testsuite hostname="HYDHTC135682L" name="test.westPacApplication" tests="2" failures="0" timestamp="13 Jan 2018 20:45:59 GMT" time="110.401" errors="0">
  <testcase name="ValidatingConversionCurrency" time="59.894" classname="test.westPacApplication"/>
  <testcase name="ValidatingErrorMessage" time="50.507" classname="test.westPacApplication"/>
</testsuite> <!-- test.westPacApplication -->
