<?xml version="1.0" encoding="UTF-8"?>
<!-- Generated by org.testng.reporters.JUnitReportReporter -->
<testsuite hostname="HYDHTC135682L" name="test.westPacApplication" tests="2" failures="0" timestamp="16 Jan 2018 18:20:41 GMT" time="103.512" errors="0">
  <testcase name="ValidatingErrorMessage" time="42.207" classname="test.westPacApplication"/>
  <testcase name="ValidatingConversionCurrency" time="61.305" classname="test.westPacApplication"/>
</testsuite> <!-- test.westPacApplication -->
