<?xml version="1.0" encoding="UTF-8"?>
<!-- Generated by org.testng.reporters.JUnitReportReporter -->
<testsuite hostname="HYDHTC135682L" name="test.westPacapp" tests="2" failures="0" timestamp="13 Jan 2018 21:00:25 GMT" time="120.806" errors="0">
  <testcase name="ValidatingConversionCurrency" time="51.500" classname="test.westPacapp"/>
  <testcase name="ValidatingErrorMessage" time="69.306" classname="test.westPacapp"/>
</testsuite> <!-- test.westPacapp -->
