<?xml version="1.0" encoding="UTF-8"?>
<!-- Generated by org.testng.reporters.JUnitReportReporter -->
<testsuite hostname="HYDHTC135682L" name="report.TestReport" tests="1" failures="0" timestamp="16 Jan 2018 17:44:17 GMT" time="0.261" errors="0">
  <testcase name="testReport" time="0.261" classname="report.TestReport"/>
</testsuite> <!-- report.TestReport -->
